[12:00:21] |app.py[<module>line:124] |INFO     |服务器已在 http://127.0.0.1:5000 运行
[12:00:22] |app.py[<module>line:131] |INFO     |程序已退出
[12:00:31] |__init__.py[<module>line:139] |ERROR    |没有检测到本地主题数据库即将开始下载
[12:00:32] |__init__.py[downloadline:80] |INFO     |数据库大小: 0.0Mb. 下载线程: 3
[12:00:32] |__init__.py[check_md5line:66] |INFO     |本地数据库md5: d41d8cd98f00b204e9800998ecf8427e
I: 远程数据库md5: 1731a1ec76b6e8279512d2476d497c9d
[12:00:32] |__init__.py[check_md5line:68] |ERROR    |下载错误: 本地数据库md5和远程数据库md5检验不通过, 即将开始重新下载
I: 本次下载将使用单线程下载
[12:00:35] |__init__.py[single_downloadline:118] |INFO     |正在使用单线程下载中
[12:00:35] |__init__.py[single_downloadline:121] |INFO     |下载完成 正在检验文件md5
[12:00:35] |__init__.py[single_downloadline:126] |INFO     |本地数据库md5: 1731a1ec76b6e8279512d2476d497c9d
[12:00:35] |__init__.py[single_downloadline:127] |INFO     |远程数据库md5: 1731a1ec76b6e8279512d2476d497c9d
[12:00:35] |__init__.py[single_downloadline:132] |INFO     |md5检验已通过
[12:00:36] |app.py[<module>line:124] |INFO     |服务器已在 http://127.0.0.1:5000 运行
[12:00:54] |app.py[<module>line:131] |INFO     |程序已退出
[12:01:02] |__init__.py[<module>line:139] |ERROR    |没有检测到本地主题数据库即将开始下载
[12:01:03] |__init__.py[downloadline:80] |INFO     |数据库大小: 0.0Mb. 下载线程: 3
[12:01:03] |__init__.py[check_md5line:66] |INFO     |本地数据库md5: d41d8cd98f00b204e9800998ecf8427e
I: 远程数据库md5: 1731a1ec76b6e8279512d2476d497c9d
[12:01:03] |__init__.py[check_md5line:68] |ERROR    |下载错误: 本地数据库md5和远程数据库md5检验不通过, 即将开始重新下载
I: 本次下载将使用单线程下载
[12:01:03] |__init__.py[single_downloadline:117] |INFO     |正在使用单线程下载中
[12:01:05] |__init__.py[single_downloadline:121] |INFO     |下载完成 正在检验文件md5
[12:01:06] |__init__.py[single_downloadline:126] |INFO     |本地数据库md5: 1731a1ec76b6e8279512d2476d497c9d
[12:01:06] |__init__.py[single_downloadline:127] |INFO     |远程数据库md5: 1731a1ec76b6e8279512d2476d497c9d
[12:01:06] |__init__.py[single_downloadline:132] |INFO     |md5检验已通过
[12:01:06] |app.py[<module>line:124] |INFO     |服务器已在 http://127.0.0.1:5000 运行
[12:06:07] |app.py[<module>line:131] |INFO     |程序已退出
[12:06:10] |app.py[<module>line:124] |INFO     |服务器已在 http://127.0.0.1:5000 运行
[12:06:10] |app.py[<module>line:131] |INFO     |程序已退出
